<?xml version="1.0" encoding="utf-8"?><testsuites name="pytest tests"><testsuite name="pytest" errors="0" failures="0" skipped="0" tests="52" time="8.237" timestamp="2026-06-01T21:13:44.223451+00:00" hostname="agent-env-2aaec231-0a25-404c-850a-11bf72376a81"><testcase classname="backend.tests.backend_test" name="test_health" time="0.206" /><testcase classname="backend.tests.backend_test" name="test_admin_login" time="0.283" /><testcase classname="backend.tests.backend_test" name="test_admin_login_invalid" time="0.277" /><testcase classname="backend.tests.backend_test" name="test_owner_register" time="0.399" /><testcase classname="backend.tests.backend_test" name="test_owner_register_duplicate" time="0.051" /><testcase classname="backend.tests.backend_test" name="test_owner_login" time="0.274" /><testcase classname="backend.tests.backend_test" name="test_customer_login_auto_register" time="0.051" /><testcase classname="backend.tests.backend_test" name="test_auth_me" time="0.055" /><testcase classname="backend.tests.backend_test" name="test_auth_me_unauthorized" time="0.058" /><testcase classname="backend.tests.backend_test" name="test_create_chalet_pending_and_admin_notified" time="0.283" /><testcase classname="backend.tests.backend_test" name="test_pending_chalet_not_in_public_list" time="0.066" /><testcase classname="backend.tests.backend_test" name="test_admin_approves_chalet" time="0.171" /><testcase classname="backend.tests.backend_test" name="test_admin_invalid_status" time="0.049" /><testcase classname="backend.tests.backend_test" name="test_get_chalet_by_id_and_slug" time="0.103" /><testcase classname="backend.tests.backend_test" name="test_customer_cannot_create_slot" time="0.054" /><testcase classname="backend.tests.backend_test" name="test_create_slot" time="0.106" /><testcase classname="backend.tests.backend_test" name="test_starting_price_recomputed" time="0.048" /><testcase classname="backend.tests.backend_test" name="test_list_slots" time="0.056" /><testcase classname="backend.tests.backend_test" name="test_update_slot" time="0.054" /><testcase classname="backend.tests.backend_test" name="test_list_chalets_price_filter" time="0.101" /><testcase classname="backend.tests.backend_test" name="test_date_filter" time="0.103" /><testcase classname="backend.tests.backend_test" name="test_create_booking_with_slot_and_three_notifications" time="0.374" /><testcase classname="backend.tests.backend_test" name="test_booking_conflict_409" time="0.051" /><testcase classname="backend.tests.backend_test" name="test_cannot_edit_booked_slot" time="0.053" /><testcase classname="backend.tests.backend_test" name="test_cannot_delete_booked_slot" time="0.048" /><testcase classname="backend.tests.backend_test" name="test_my_bookings_and_owner_bookings" time="0.107" /><testcase classname="backend.tests.backend_test" name="test_accept_booking_keeps_slot_booked" time="0.101" /><testcase classname="backend.tests.backend_test" name="test_create_review_after_accept_and_admin_report" time="0.581" /><testcase classname="backend.tests.backend_test" name="test_upload_image" time="0.210" /><testcase classname="backend.tests.backend_test" name="test_upload_unsupported_ext" time="0.053" /><testcase classname="backend.tests.backend_test" name="test_customer_cannot_create_chalet" time="0.046" /><testcase classname="backend.tests.backend_test" name="test_owner_cannot_approve_chalet" time="0.049" /><testcase classname="backend.tests.backend_test" name="test_admin_stats_includes_pending" time="0.050" /><testcase classname="backend.tests.backend_test" name="test_admin_feature_chalet" time="0.052" /><testcase classname="backend.tests.backend_test" name="test_admin_suspend_chalet_hides_from_public" time="0.151" /><testcase classname="backend.tests.backend_test" name="test_admin_delete_chalet_cascades_slots" time="0.219" /><testcase classname="backend.tests.backend_test" name="test_owner_cancel_accepted_booking_releases_slot" time="0.412" /><testcase classname="backend.tests.backend_test" name="test_owner_cancel_rbac" time="0.168" /><testcase classname="backend.tests.backend_test" name="test_complete_accepted_booking" time="0.337" /><testcase classname="backend.tests.backend_test" name="test_complete_requires_accepted_status" time="0.161" /><testcase classname="backend.tests.backend_test" name="test_delete_only_for_terminal_bookings" time="0.318" /><testcase classname="backend.tests.backend_test" name="test_delete_terminal_booking_completed" time="0.048" /><testcase classname="backend.tests.backend_test" name="test_delete_rbac_customer_forbidden" time="0.256" /><testcase classname="backend.tests.backend_test" name="test_auto_expire_pending_past_booking" time="0.227" /><testcase classname="backend.tests.backend_test" name="test_auto_complete_accepted_past_booking" time="0.160" /><testcase classname="backend.tests.backend_test" name="test_auto_expiry_also_runs_on_admin_bookings_and_slots_listing" time="0.204" /><testcase classname="backend.tests.backend_test" name="test_starting_price_recomputed_after_owner_cancel" time="0.316" /><testcase classname="backend.tests.backend_test" name="test_slot_rejects_past_date" time="0.047" /><testcase classname="backend.tests.backend_test" name="test_slot_rejects_past_time_today" time="0.050" /><testcase classname="backend.tests.backend_test" name="test_slot_create_blocked_with_reason" time="0.307" /><testcase classname="backend.tests.backend_test" name="test_slot_model_has_block_reason_field" time="0.052" /><testcase classname="backend.tests.backend_test" name="test_zz_cleanup" time="0.050" /></testsuite></testsuites>