<?xml version="1.0" encoding="utf-8"?><testsuites name="pytest tests"><testsuite name="pytest" errors="0" failures="0" skipped="0" tests="42" time="4.116" timestamp="2026-06-01T01:58:10.263813+00:00" hostname="agent-env-2aaec231-0a25-404c-850a-11bf72376a81"><testcase classname="backend.tests.backend_test" name="test_health" time="0.346" /><testcase classname="backend.tests.backend_test" name="test_admin_login" time="0.274" /><testcase classname="backend.tests.backend_test" name="test_admin_login_invalid" time="0.272" /><testcase classname="backend.tests.backend_test" name="test_owner_register" time="0.305" /><testcase classname="backend.tests.backend_test" name="test_owner_register_duplicate" time="0.055" /><testcase classname="backend.tests.backend_test" name="test_owner_login" time="0.274" /><testcase classname="backend.tests.backend_test" name="test_customer_login_auto_register" time="0.069" /><testcase classname="backend.tests.backend_test" name="test_auth_me" time="0.055" /><testcase classname="backend.tests.backend_test" name="test_auth_me_unauthorized" time="0.047" /><testcase classname="backend.tests.backend_test" name="test_create_chalet_owner" time="0.073" /><testcase classname="backend.tests.backend_test" name="test_get_chalet_by_id" time="0.048" /><testcase classname="backend.tests.backend_test" name="test_get_chalet_by_slug" time="0.051" /><testcase classname="backend.tests.backend_test" name="test_list_chalets_with_filters" time="0.050" /><testcase classname="backend.tests.backend_test" name="test_homepage_data" time="0.051" /><testcase classname="backend.tests.backend_test" name="test_update_chalet" time="0.048" /><testcase classname="backend.tests.backend_test" name="test_update_chalet_forbidden_for_customer" time="0.047" /><testcase classname="backend.tests.backend_test" name="test_owner_chalets_list" time="0.052" /><testcase classname="backend.tests.backend_test" name="test_customer_cannot_create_chalet" time="0.046" /><testcase classname="backend.tests.backend_test" name="test_create_booking" time="0.080" /><testcase classname="backend.tests.backend_test" name="test_booking_conflict" time="0.050" /><testcase classname="backend.tests.backend_test" name="test_my_bookings" time="0.058" /><testcase classname="backend.tests.backend_test" name="test_owner_bookings" time="0.045" /><testcase classname="backend.tests.backend_test" name="test_accept_booking" time="0.069" /><testcase classname="backend.tests.backend_test" name="test_accept_already_accepted" time="0.055" /><testcase classname="backend.tests.backend_test" name="test_create_review_after_accept" time="0.079" /><testcase classname="backend.tests.backend_test" name="test_review_recomputes_avg_rating" time="0.553" /><testcase classname="backend.tests.backend_test" name="test_review_invalid_rating" time="0.054" /><testcase classname="backend.tests.backend_test" name="test_reviews_list" time="0.048" /><testcase classname="backend.tests.backend_test" name="test_report_review" time="0.057" /><testcase classname="backend.tests.backend_test" name="test_list_notifications_owner" time="0.051" /><testcase classname="backend.tests.backend_test" name="test_mark_notification_read" time="0.047" /><testcase classname="backend.tests.backend_test" name="test_mark_all_read" time="0.048" /><testcase classname="backend.tests.backend_test" name="test_admin_stats" time="0.059" /><testcase classname="backend.tests.backend_test" name="test_admin_chalets" time="0.048" /><testcase classname="backend.tests.backend_test" name="test_admin_feature_chalet" time="0.051" /><testcase classname="backend.tests.backend_test" name="test_admin_set_status" time="0.050" /><testcase classname="backend.tests.backend_test" name="test_admin_users" time="0.046" /><testcase classname="backend.tests.backend_test" name="test_admin_bookings" time="0.051" /><testcase classname="backend.tests.backend_test" name="test_admin_reviews" time="0.049" /><testcase classname="backend.tests.backend_test" name="test_admin_delete_review" time="0.046" /><testcase classname="backend.tests.backend_test" name="test_customer_cannot_admin_stats" time="0.045" /><testcase classname="backend.tests.backend_test" name="test_zz_cleanup_cancel_and_delete" time="0.112" /></testsuite></testsuites>